<?xml version="1.0" encoding="UTF-8"?>
<testng-results ignored="0" total="1" passed="1" failed="0" skipped="0">
  <reporter-output>
    <line>
      <![CDATA[Lonch The browser ]]>
    </line>
    <line>
      <![CDATA[Login to the Application]]>
    </line>
    <line>
      <![CDATA[UserName is Validated]]>
    </line>
    <line>
      <![CDATA[LogOut ]]>
    </line>
    <line>
      <![CDATA[Close Browser]]>
    </line>
  </reporter-output>
  <suite started-at="2022-11-26T11:23:00 IST" name="Default suite" finished-at="2022-11-26T11:23:00 IST" duration-ms="61">
    <groups>
    </groups>
    <test started-at="2022-11-26T11:23:00 IST" name="Default test" finished-at="2022-11-26T11:23:00 IST" duration-ms="61">
      <class name="pkg1.AnnatationStudy">
        <test-method is-config="true" signature="beforeClass()[pri:0, instance:pkg1.AnnatationStudy@498d318c]" started-at="2022-11-26T11:23:00 IST" name="beforeClass" finished-at="2022-11-26T11:23:00 IST" duration-ms="7" status="PASS">
          <reporter-output>
            <line>
              <![CDATA[Lonch The browser ]]>
            </line>
          </reporter-output>
        </test-method> <!-- beforeClass -->
        <test-method is-config="true" signature="beforeMethod()[pri:0, instance:pkg1.AnnatationStudy@498d318c]" started-at="2022-11-26T11:23:00 IST" name="beforeMethod" finished-at="2022-11-26T11:23:00 IST" duration-ms="0" status="PASS">
          <reporter-output>
            <line>
              <![CDATA[Login to the Application]]>
            </line>
          </reporter-output>
        </test-method> <!-- beforeMethod -->
        <test-method signature="ValidateUserName()[pri:0, instance:pkg1.AnnatationStudy@498d318c]" started-at="2022-11-26T11:23:00 IST" name="ValidateUserName" finished-at="2022-11-26T11:23:00 IST" duration-ms="10" status="PASS">
          <reporter-output>
            <line>
              <![CDATA[UserName is Validated]]>
            </line>
          </reporter-output>
        </test-method> <!-- ValidateUserName -->
        <test-method is-config="true" signature="afterMethod()[pri:0, instance:pkg1.AnnatationStudy@498d318c]" started-at="2022-11-26T11:23:00 IST" name="afterMethod" finished-at="2022-11-26T11:23:00 IST" duration-ms="0" status="PASS">
          <reporter-output>
            <line>
              <![CDATA[LogOut ]]>
            </line>
          </reporter-output>
        </test-method> <!-- afterMethod -->
        <test-method is-config="true" signature="afterClass()[pri:0, instance:pkg1.AnnatationStudy@498d318c]" started-at="2022-11-26T11:23:00 IST" name="afterClass" finished-at="2022-11-26T11:23:00 IST" duration-ms="0" status="PASS">
          <reporter-output>
            <line>
              <![CDATA[Close Browser]]>
            </line>
          </reporter-output>
        </test-method> <!-- afterClass -->
      </class> <!-- pkg1.AnnatationStudy -->
    </test> <!-- Default test -->
  </suite> <!-- Default suite -->
</testng-results>
